mode: atomic
/home/tee/code/DataChassis/poc/go-oauth2-couchdb/config.go:12.74,19.2 1 3
/home/tee/code/DataChassis/poc/go-oauth2-couchdb/token_store.go:48.43,52.2 1 3
/home/tee/code/DataChassis/poc/go-oauth2-couchdb/token_store.go:55.76,58.16 3 3
/home/tee/code/DataChassis/poc/go-oauth2-couchdb/token_store.go:62.2,62.60 1 3
/home/tee/code/DataChassis/poc/go-oauth2-couchdb/token_store.go:58.16,59.13 1 0
/home/tee/code/DataChassis/poc/go-oauth2-couchdb/token_store.go:66.112,72.20 2 3
/home/tee/code/DataChassis/poc/go-oauth2-couchdb/token_store.go:76.2,77.8 2 3
/home/tee/code/DataChassis/poc/go-oauth2-couchdb/token_store.go:72.20,74.3 1 0
/home/tee/code/DataChassis/poc/go-oauth2-couchdb/token_store.go:80.51,99.2 2 3
/home/tee/code/DataChassis/poc/go-oauth2-couchdb/token_store.go:101.52,115.2 13 0
/home/tee/code/DataChassis/poc/go-oauth2-couchdb/token_store.go:118.31,120.2 1 0
/home/tee/code/DataChassis/poc/go-oauth2-couchdb/token_store.go:123.65,128.2 4 3
/home/tee/code/DataChassis/poc/go-oauth2-couchdb/token_store.go:131.61,135.66 4 0
/home/tee/code/DataChassis/poc/go-oauth2-couchdb/token_store.go:139.2,140.17 2 0
/home/tee/code/DataChassis/poc/go-oauth2-couchdb/token_store.go:143.2,143.8 1 0
/home/tee/code/DataChassis/poc/go-oauth2-couchdb/token_store.go:135.66,138.3 2 0
/home/tee/code/DataChassis/poc/go-oauth2-couchdb/token_store.go:140.17,142.3 1 0
/home/tee/code/DataChassis/poc/go-oauth2-couchdb/token_store.go:147.65,152.68 4 0
/home/tee/code/DataChassis/poc/go-oauth2-couchdb/token_store.go:156.2,157.17 2 0
/home/tee/code/DataChassis/poc/go-oauth2-couchdb/token_store.go:160.2,160.8 1 0
/home/tee/code/DataChassis/poc/go-oauth2-couchdb/token_store.go:152.68,155.3 2 0
/home/tee/code/DataChassis/poc/go-oauth2-couchdb/token_store.go:157.17,159.3 1 0
/home/tee/code/DataChassis/poc/go-oauth2-couchdb/token_store.go:164.67,169.69 4 0
/home/tee/code/DataChassis/poc/go-oauth2-couchdb/token_store.go:173.2,174.17 2 0
/home/tee/code/DataChassis/poc/go-oauth2-couchdb/token_store.go:180.2,180.8 1 0
/home/tee/code/DataChassis/poc/go-oauth2-couchdb/token_store.go:169.69,172.3 2 0
/home/tee/code/DataChassis/poc/go-oauth2-couchdb/token_store.go:174.17,175.30 1 0
/home/tee/code/DataChassis/poc/go-oauth2-couchdb/token_store.go:178.3,178.13 1 0
/home/tee/code/DataChassis/poc/go-oauth2-couchdb/token_store.go:175.30,177.4 1 0
/home/tee/code/DataChassis/poc/go-oauth2-couchdb/token_store.go:183.94,186.43 3 0
/home/tee/code/DataChassis/poc/go-oauth2-couchdb/token_store.go:190.2,191.8 2 0
/home/tee/code/DataChassis/poc/go-oauth2-couchdb/token_store.go:186.43,189.3 2 0
/home/tee/code/DataChassis/poc/go-oauth2-couchdb/token_store.go:195.79,199.2 3 0
/home/tee/code/DataChassis/poc/go-oauth2-couchdb/token_store.go:202.83,207.2 3 0
/home/tee/code/DataChassis/poc/go-oauth2-couchdb/token_store.go:210.85,215.2 3 0
